<?xml version="1.0" encoding="UTF-8"?>
<testng-results ignored="0" total="4" passed="4" failed="0" skipped="0">
  <reporter-output>
  </reporter-output>
  <suite started-at="2022-03-25T12:23:19 GMT" name="Default suite" finished-at="2022-03-25T12:24:47 GMT" duration-ms="87905">
    <groups>
      <group name="cucumber">
        <method signature="AbstractTestNGCucumberTests.runScenario(io.cucumber.testng.PickleWrapper,io.cucumber.testng.FeatureWrapper)[pri:0, instance:Runner.TestRunner@36b4091c]" name="runScenario" class="io.cucumber.testng.AbstractTestNGCucumberTests"/>
      </group> <!-- cucumber -->
    </groups>
    <test started-at="2022-03-25T12:23:19 GMT" name="Default test" finished-at="2022-03-25T12:24:47 GMT" duration-ms="87905">
      <class name="Runner.TestRunner">
        <test-method is-config="true" signature="setUpClass(org.testng.ITestContext)[pri:0, instance:Runner.TestRunner@36b4091c]" started-at="2022-03-25T12:23:19 GMT" name="setUpClass" finished-at="2022-03-25T12:23:20 GMT" duration-ms="346" status="PASS">
          <params>
            <param index="0">
              <value>
                <![CDATA[org.testng.TestRunner@7de0c6ae]]>
              </value>
            </param>
          </params>
          <reporter-output>
          </reporter-output>
        </test-method> <!-- setUpClass -->
        <test-method signature="runScenario(io.cucumber.testng.PickleWrapper,io.cucumber.testng.FeatureWrapper)[pri:0, instance:Runner.TestRunner@36b4091c]" started-at="2022-03-25T12:23:20 GMT" name="runScenario" description="Runs Cucumber Scenarios" data-provider="scenarios" finished-at="2022-03-25T12:24:19 GMT" duration-ms="58973" status="PASS">
          <params>
            <param index="0">
              <value>
                <![CDATA["TC003_verify the left icons in the Dashboard page"]]>
              </value>
            </param>
            <param index="1">
              <value>
                <![CDATA["Optional[Verify the dashboard page]"]]>
              </value>
            </param>
          </params>
          <reporter-output>
          </reporter-output>
        </test-method> <!-- runScenario -->
        <test-method signature="runScenario(io.cucumber.testng.PickleWrapper,io.cucumber.testng.FeatureWrapper)[pri:0, instance:Runner.TestRunner@36b4091c]" started-at="2022-03-25T12:23:20 GMT" name="runScenario" description="Runs Cucumber Scenarios" data-provider="scenarios" finished-at="2022-03-25T12:24:47 GMT" duration-ms="87459" status="PASS">
          <params>
            <param index="0">
              <value>
                <![CDATA["TC002_verify the Dashboard page icons"]]>
              </value>
            </param>
            <param index="1">
              <value>
                <![CDATA["Optional[Verify the dashboard page]"]]>
              </value>
            </param>
          </params>
          <reporter-output>
          </reporter-output>
        </test-method> <!-- runScenario -->
        <test-method signature="runScenario(io.cucumber.testng.PickleWrapper,io.cucumber.testng.FeatureWrapper)[pri:0, instance:Runner.TestRunner@36b4091c]" started-at="2022-03-25T12:23:20 GMT" name="runScenario" description="Runs Cucumber Scenarios" data-provider="scenarios" finished-at="2022-03-25T12:24:37 GMT" duration-ms="77796" status="PASS">
          <params>
            <param index="0">
              <value>
                <![CDATA["TC004_verify the options in dashboard page"]]>
              </value>
            </param>
            <param index="1">
              <value>
                <![CDATA["Optional[Verify the dashboard page]"]]>
              </value>
            </param>
          </params>
          <reporter-output>
          </reporter-output>
        </test-method> <!-- runScenario -->
        <test-method signature="runScenario(io.cucumber.testng.PickleWrapper,io.cucumber.testng.FeatureWrapper)[pri:0, instance:Runner.TestRunner@36b4091c]" started-at="2022-03-25T12:23:20 GMT" name="runScenario" description="Runs Cucumber Scenarios" data-provider="scenarios" finished-at="2022-03-25T12:24:36 GMT" duration-ms="76819" status="PASS">
          <params>
            <param index="0">
              <value>
                <![CDATA["TC001_verify whether the data is populated as expected in Dashboard for the specific date"]]>
              </value>
            </param>
            <param index="1">
              <value>
                <![CDATA["Optional[Verify the dashboard page]"]]>
              </value>
            </param>
          </params>
          <reporter-output>
          </reporter-output>
        </test-method> <!-- runScenario -->
        <test-method is-config="true" signature="tearDownClass()[pri:0, instance:Runner.TestRunner@36b4091c]" started-at="2022-03-25T12:24:47 GMT" name="tearDownClass" finished-at="2022-03-25T12:24:47 GMT" duration-ms="34" status="PASS">
          <reporter-output>
          </reporter-output>
        </test-method> <!-- tearDownClass -->
      </class> <!-- Runner.TestRunner -->
    </test> <!-- Default test -->
  </suite> <!-- Default suite -->
</testng-results>
